<?xml version="1.0" encoding="UTF-8"?>
<robot generator="Robot 7.2.2 (Python 3.12.7 on linux)" generated="2025-05-23T00:46:35.888008" rpa="false" schemaversion="5">
<suite id="s1" name="Test Logout" source="/home/cortes/Documents/Compass Estágio/ReqRes - API/tests/test_logout.robot">
<test id="s1-t1" name="Logout Com Sucesso" line="6">
<kw name="Logout With Api Key" owner="logout_keywords">
<kw name="Create Dictionary" owner="BuiltIn">
<msg time="2025-05-23T00:46:36.008983" level="INFO">${headers} = {'x-api-key': 'reqres-free-v1'}</msg>
<var>${headers}</var>
<arg>x-api-key=${API_KEY}</arg>
<doc>Creates and returns a dictionary based on the given ``items``.</doc>
<status status="PASS" start="2025-05-23T00:46:36.008522" elapsed="0.000514"/>
</kw>
<kw name="Create Session" owner="RequestsLibrary">
<msg time="2025-05-23T00:46:36.009485" level="INFO">Creating Session using : alias=logout, url=https://reqres.in, headers={'x-api-key': 'reqres-free-v1'},                     cookies={}, auth=None, timeout=None, proxies=None, verify=False,                     debug=0 </msg>
<arg>logout</arg>
<arg>${BASE_URL}</arg>
<arg>headers=${headers}</arg>
<doc>Create Session: create a HTTP session to a server</doc>
<status status="PASS" start="2025-05-23T00:46:36.009197" elapsed="0.000532"/>
</kw>
<kw name="Post Request" owner="RequestsLibrary">
<msg time="2025-05-23T00:46:36.009909" level="WARN">Keyword 'RequestsLibrary.Post Request' is deprecated. Please use `POST On Session` instead.</msg>
<msg time="2025-05-23T00:46:36.435179" level="INFO">POST Request : url=https://reqres.in/api/logout 
 path_url=/api/logout 
 headers={'User-Agent': 'python-requests/2.32.3', 'Accept-Encoding': 'gzip, deflate', 'Accept': '*/*', 'Connection': 'keep-alive', 'x-api-key': 'reqres-free-v1', 'Content-Length': '0'} 
 body=None 
 </msg>
<msg time="2025-05-23T00:46:36.435507" level="INFO">POST Response : url=https://reqres.in/api/logout 
 status=200, reason=OK 
 headers={'Date': 'Fri, 23 May 2025 03:46:36 GMT', 'Content-Type': 'application/json; charset=utf-8', 'Transfer-Encoding': 'chunked', 'Connection': 'keep-alive', 'Server': 'cloudflare', 'Cf-Ray': '9441912f5a50f1ea-GRU', 'Report-To': '{"group":"heroku-nel","max_age":3600,"endpoints":[{"url":"https://nel.heroku.com/reports?ts=1747971996&amp;sid=c4c9725f-1ab0-44d8-820f-430df2718e11&amp;s=PBwXu%2BuM7zZquvZAIsQTHerKVzWoWcKj34641zVyzew%3D"}]}', 'Reporting-Endpoints': 'heroku-nel=https://nel.heroku.com/reports?ts=1747971996&amp;sid=c4c9725f-1ab0-44d8-820f-430df2718e11&amp;s=PBwXu%2BuM7zZquvZAIsQTHerKVzWoWcKj34641zVyzew%3D', 'Nel': '{"report_to":"heroku-nel","max_age":3600,"success_fraction":0.005,"failure_fraction":0.05,"response_headers":["Via"]}', 'X-Powered-By': 'Express', 'Access-Control-Allow-Origin': '*', 'Ratelimit-Policy': '100;w=60', 'Ratelimit-Limit': '100', 'Ratelimit-Remaining': '98', 'Ratelimit-Reset': '60', 'Etag': 'W/"2-vyGp6PvFo4RvsFtPoIWeCReyIC8"', 'Via': '1.1 vegur', 'Cf-Cache-Status': 'DYNAMIC', 'Content-Encoding': 'gzip', 'server-timing': 'cfL4;desc="?proto=TCP&amp;rtt=11241&amp;min_rtt=10414&amp;rtt_var=3670&amp;sent=5&amp;recv=7&amp;lost=0&amp;retrans=0&amp;sent_bytes=2836&amp;recv_bytes=816&amp;delivery_rate=388099&amp;cwnd=252&amp;unsent_bytes=0&amp;cid=e8d7e783ccfd0948&amp;ts=386&amp;x=0"'} 
 body={} 
 </msg>
<msg time="2025-05-23T00:46:36.435595" level="INFO">/home/cortes/Documents/Compass Estágio/ReqRes - API/venv/lib/python3.12/site-packages/urllib3/connectionpool.py:1097: InsecureRequestWarning: Unverified HTTPS request is being made to host 'reqres.in'. Adding certificate verification is strongly advised. See: https://urllib3.readthedocs.io/en/latest/advanced-usage.html#tls-warnings
  warnings.warn(</msg>
<msg time="2025-05-23T00:46:36.435805" level="INFO">${response} = &lt;Response [200]&gt;</msg>
<var>${response}</var>
<arg>logout</arg>
<arg>${LOGOUT_ENDPOINT}</arg>
<doc>*DEPRECATED* Please use `POST On Session` instead.</doc>
<status status="PASS" start="2025-05-23T00:46:36.009874" elapsed="0.425989"/>
</kw>
<return>
<value>${response}</value>
<status status="PASS" start="2025-05-23T00:46:36.435950" elapsed="0.000078"/>
</return>
<msg time="2025-05-23T00:46:36.436246" level="INFO">${response} = &lt;Response [200]&gt;</msg>
<var>${response}</var>
<status status="PASS" start="2025-05-23T00:46:36.007812" elapsed="0.428468"/>
</kw>
<kw name="Should Be Equal As Integers" owner="BuiltIn">
<msg time="2025-05-23T00:46:36.437112" level="INFO">Argument types are:
&lt;class 'int'&gt;
&lt;class 'str'&gt;</msg>
<arg>${response.status_code}</arg>
<arg>200</arg>
<doc>Fails if objects are unequal after converting them to integers.</doc>
<status status="PASS" start="2025-05-23T00:46:36.436518" elapsed="0.000684"/>
</kw>
<status status="PASS" start="2025-05-23T00:46:36.006894" elapsed="0.430486"/>
</test>
<test id="s1-t2" name="Logout Sem Api Key" line="10">
<kw name="Logout Without Api Key" owner="logout_keywords">
<kw name="Create Session" owner="RequestsLibrary">
<msg time="2025-05-23T00:46:36.438527" level="INFO">Creating Session using : alias=logout_no_key, url=https://reqres.in, headers={},                     cookies={}, auth=None, timeout=None, proxies=None, verify=False,                     debug=0 </msg>
<arg>logout_no_key</arg>
<arg>${BASE_URL}</arg>
<doc>Create Session: create a HTTP session to a server</doc>
<status status="PASS" start="2025-05-23T00:46:36.438370" elapsed="0.000356"/>
</kw>
<kw name="Post Request" owner="RequestsLibrary">
<msg time="2025-05-23T00:46:36.438897" level="WARN">Keyword 'RequestsLibrary.Post Request' is deprecated. Please use `POST On Session` instead.</msg>
<msg time="2025-05-23T00:46:36.876434" level="INFO">POST Request : url=https://reqres.in/api/logout 
 path_url=/api/logout 
 headers={'User-Agent': 'python-requests/2.32.3', 'Accept-Encoding': 'gzip, deflate', 'Accept': '*/*', 'Connection': 'keep-alive', 'Content-Length': '0'} 
 body=None 
 </msg>
<msg time="2025-05-23T00:46:36.876560" level="INFO">POST Response : url=https://reqres.in/api/logout 
 status=401, reason=Unauthorized 
 headers={'Date': 'Fri, 23 May 2025 03:46:36 GMT', 'Content-Type': 'application/json; charset=utf-8', 'Content-Length': '72', 'Connection': 'keep-alive', 'Server': 'cloudflare', 'Cf-Ray': '9441913219f6f171-GRU', 'Report-To': '{"group":"heroku-nel","max_age":3600,"endpoints":[{"url":"https://nel.heroku.com/reports?ts=1747971996&amp;sid=c4c9725f-1ab0-44d8-820f-430df2718e11&amp;s=PBwXu%2BuM7zZquvZAIsQTHerKVzWoWcKj34641zVyzew%3D"}]}', 'Reporting-Endpoints': 'heroku-nel=https://nel.heroku.com/reports?ts=1747971996&amp;sid=c4c9725f-1ab0-44d8-820f-430df2718e11&amp;s=PBwXu%2BuM7zZquvZAIsQTHerKVzWoWcKj34641zVyzew%3D', 'Nel': '{"report_to":"heroku-nel","max_age":3600,"success_fraction":0.005,"failure_fraction":0.05,"response_headers":["Via"]}', 'X-Powered-By': 'Express', 'Access-Control-Allow-Origin': '*', 'Ratelimit-Policy': '100;w=60', 'Ratelimit-Limit': '100', 'Ratelimit-Remaining': '97', 'Ratelimit-Reset': '60', 'Etag': 'W/"48-+Z5A4MsbyryWjwqUCtZ7548heDc"', 'Via': '1.1 vegur', 'Cf-Cache-Status': 'DYNAMIC', 'server-timing': 'cfL4;desc="?proto=TCP&amp;rtt=11140&amp;min_rtt=10863&amp;rtt_var=3302&amp;sent=5&amp;recv=7&amp;lost=0&amp;retrans=0&amp;sent_bytes=2836&amp;recv_bytes=789&amp;delivery_rate=372101&amp;cwnd=252&amp;unsent_bytes=0&amp;cid=2df21a178b6ac4d0&amp;ts=394&amp;x=0"'} 
 body={"error":"Missing API key.","how_to_get_one":"https://reqres.in/signup"} 
 </msg>
<msg time="2025-05-23T00:46:36.876654" level="INFO">/home/cortes/Documents/Compass Estágio/ReqRes - API/venv/lib/python3.12/site-packages/urllib3/connectionpool.py:1097: InsecureRequestWarning: Unverified HTTPS request is being made to host 'reqres.in'. Adding certificate verification is strongly advised. See: https://urllib3.readthedocs.io/en/latest/advanced-usage.html#tls-warnings
  warnings.warn(</msg>
<msg time="2025-05-23T00:46:36.876858" level="INFO">${response} = &lt;Response [401]&gt;</msg>
<var>${response}</var>
<arg>logout_no_key</arg>
<arg>${LOGOUT_ENDPOINT}</arg>
<doc>*DEPRECATED* Please use `POST On Session` instead.</doc>
<status status="PASS" start="2025-05-23T00:46:36.438861" elapsed="0.438037"/>
</kw>
<return>
<value>${response}</value>
<status status="PASS" start="2025-05-23T00:46:36.876994" elapsed="0.000073"/>
</return>
<msg time="2025-05-23T00:46:36.877417" level="INFO">${response} = &lt;Response [401]&gt;</msg>
<var>${response}</var>
<status status="PASS" start="2025-05-23T00:46:36.438093" elapsed="0.439393"/>
</kw>
<kw name="Should Be Equal As Integers" owner="BuiltIn">
<msg time="2025-05-23T00:46:36.878347" level="INFO">Argument types are:
&lt;class 'int'&gt;
&lt;class 'str'&gt;</msg>
<arg>${response.status_code}</arg>
<arg>401</arg>
<doc>Fails if objects are unequal after converting them to integers.</doc>
<status status="PASS" start="2025-05-23T00:46:36.877770" elapsed="0.000663"/>
</kw>
<kw name="Get From Dictionary" owner="Collections">
<msg time="2025-05-23T00:46:36.879233" level="INFO">${error} = Missing API key.</msg>
<var>${error}</var>
<arg>${response.json()}</arg>
<arg>error</arg>
<doc>Returns a value from the given ``dictionary`` based on the given ``key``.</doc>
<status status="PASS" start="2025-05-23T00:46:36.878632" elapsed="0.000638"/>
</kw>
<kw name="Should Contain" owner="BuiltIn">
<arg>${error}</arg>
<arg>Missing API key</arg>
<doc>Fails if ``container`` does not contain ``item`` one or more times.</doc>
<status status="PASS" start="2025-05-23T00:46:36.879453" elapsed="0.000185"/>
</kw>
<status status="PASS" start="2025-05-23T00:46:36.437652" elapsed="0.442175"/>
</test>
<doc>Testes para o endpoint de logout</doc>
<status status="PASS" start="2025-05-23T00:46:35.889331" elapsed="0.990990"/>
</suite>
<statistics>
<total>
<stat pass="2" fail="0" skip="0">All Tests</stat>
</total>
<tag>
</tag>
<suite>
<stat name="Test Logout" id="s1" pass="2" fail="0" skip="0">Test Logout</stat>
</suite>
</statistics>
<errors>
<msg time="2025-05-23T00:46:35.919981" level="WARN">Error in file '/home/cortes/Documents/Compass Estágio/ReqRes - API/keywords/logout_keywords.robot' on line 16: The '[Return]' setting is deprecated. Use the 'RETURN' statement instead.</msg>
<msg time="2025-05-23T00:46:35.920197" level="WARN">Error in file '/home/cortes/Documents/Compass Estágio/ReqRes - API/keywords/logout_keywords.robot' on line 21: The '[Return]' setting is deprecated. Use the 'RETURN' statement instead.</msg>
<msg time="2025-05-23T00:46:36.009909" level="WARN">Keyword 'RequestsLibrary.Post Request' is deprecated. Please use `POST On Session` instead.</msg>
<msg time="2025-05-23T00:46:36.438897" level="WARN">Keyword 'RequestsLibrary.Post Request' is deprecated. Please use `POST On Session` instead.</msg>
</errors>
</robot>
